2022-10-25 11:13:11,538:INFO:ExperimentFactory:/home/pi/android-runner/examples/batterystats/config.json
2022-10-25 11:13:11,584:DEBUG:AndroidRunner.Adb:Device list:
{0: 'D0AA002279J91969581'}
2022-10-25 11:13:11,585:INFO:Device:Setting logcat buffer size to 57344K
2022-10-25 11:13:11,659:DEBUG:AndroidRunner.Adb:D0AA002279J91969581: "logcat -G 57344K" returned: 

2022-10-25 11:13:11,685:DEBUG:PluginHandler:batterystats: Initialized
2022-10-25 11:13:11,687:DEBUG:Python3:Imported /home/pi/android-runner/examples/batterystats/Scripts/before_experiment.py
2022-10-25 11:13:11,688:DEBUG:Python3:Imported /home/pi/android-runner/examples/batterystats/Scripts/before_run.py
2022-10-25 11:13:11,689:DEBUG:Python3:Imported /home/pi/android-runner/examples/batterystats/Scripts/after_launch.py
2022-10-25 11:13:11,690:DEBUG:Python3:Imported /home/pi/android-runner/examples/batterystats/Scripts/interaction.py
2022-10-25 11:13:11,691:DEBUG:Python3:Imported /home/pi/android-runner/examples/batterystats/Scripts/before_close.py
2022-10-25 11:13:11,693:DEBUG:Python3:Imported /home/pi/android-runner/examples/batterystats/Scripts/after_run.py
2022-10-25 11:13:11,694:DEBUG:Python3:Imported /home/pi/android-runner/examples/batterystats/Scripts/after_experiment.py
2022-10-25 11:13:11,781:DEBUG:AndroidRunner.Adb:D0AA002279J91969581: "getprop ro.build.version.release" returned: 
10

2022-10-25 11:13:11,855:DEBUG:AndroidRunner.Adb:D0AA002279J91969581: "getprop ro.build.version.sdk" returned: 
29

2022-10-25 11:13:11,856:INFO:NativeExperiment:Device: nokia (D0AA002279J91969581, Android 10, API level 29)
2022-10-25 11:13:11,856:INFO:Profilers:Loading
2022-10-25 11:13:11,919:DEBUG:AndroidRunner.Adb:D0AA002279J91969581: "getprop ro.build.version.release" returned: 
10

2022-10-25 11:13:11,968:DEBUG:AndroidRunner.Adb:D0AA002279J91969581: "getprop ro.build.version.sdk" returned: 
29

2022-10-25 11:13:11,969:DEBUG:PluginHandler:Batterystats: nokia (D0AA002279J91969581, Android 10, API level 29): Loading configuration
2022-10-25 11:13:11,969:INFO:Device:Default unplug
2022-10-25 11:13:12,019:DEBUG:AndroidRunner.Adb:D0AA002279J91969581: "getprop ro.build.version.sdk" returned: 
29

2022-10-25 11:13:12,107:DEBUG:AndroidRunner.Adb:D0AA002279J91969581: "dumpsys battery unplug" returned: 

2022-10-25 11:13:12,159:DEBUG:AndroidRunner.Adb:D0AA002279J91969581: "getprop ro.build.version.release" returned: 
10

2022-10-25 11:13:12,209:DEBUG:AndroidRunner.Adb:D0AA002279J91969581: "getprop ro.build.version.sdk" returned: 
29

2022-10-25 11:13:12,210:DEBUG:Scripts:Running hook before_experiment on device nokia (D0AA002279J91969581, Android 10, API level 29)
args: ()
kwargs: {}
2022-10-25 11:13:12,225:INFO:Python3:before_experiment.py
2022-10-25 11:13:12,227:DEBUG:Python3:before_experiment.py returned None
2022-10-25 11:13:12,232:INFO:Profilers:Setting output
2022-10-25 11:13:12,234:DEBUG:PluginHandler:Batterystats: Setting output: /home/pi/android-runner/examples/batterystats/output/2022.10.25_111311/data/nokia/com-vrem-wifianalyzer/batterystats
2022-10-25 11:13:12,235:INFO:NativeExperiment:Run 1/1 of subject "com.vrem.wifianalyzer" on nokia
2022-10-25 11:13:12,299:DEBUG:AndroidRunner.Adb:D0AA002279J91969581: "logcat -c" returned: 

2022-10-25 11:13:12,300:INFO:NativeExperiment:Logcat cleared
2022-10-25 11:13:12,362:DEBUG:AndroidRunner.Adb:D0AA002279J91969581: "getprop ro.build.version.release" returned: 
10

2022-10-25 11:13:12,410:DEBUG:AndroidRunner.Adb:D0AA002279J91969581: "getprop ro.build.version.sdk" returned: 
29

2022-10-25 11:13:12,411:DEBUG:Scripts:Running hook before_run on device nokia (D0AA002279J91969581, Android 10, API level 29)
args: ()
kwargs: {}
2022-10-25 11:13:12,425:INFO:Python3:before_run.py
2022-10-25 11:13:12,427:DEBUG:Python3:before_run.py returned None
2022-10-25 11:13:13,034:DEBUG:AndroidRunner.Adb:D0AA002279J91969581: "monkey -p com.vrem.wifianalyzer 1" returned: 
  bash arg: -p
  bash arg: com.vrem.wifianalyzer
  bash arg: 1
args: [-p, com.vrem.wifianalyzer, 1]
 arg: "-p"
 arg: "com.vrem.wifianalyzer"
 arg: "1"
data="com.vrem.wifianalyzer"
Events injected: 1
## Network stats: elapsed time=28ms (0ms mobile, 0ms wifi, 28ms not connected)

2022-10-25 11:13:14,096:DEBUG:AndroidRunner.Adb:D0AA002279J91969581: "dumpsys activity recents | grep "Recent #0" | cut -d "=" -f2 | grep -o -p "[a-z|.]*"" returned: 
com.vrem.wifianalyzer


2022-10-25 11:13:14,097:DEBUG:Device:Current activity: com.vrem.wifianalyzer
2022-10-25 11:13:14,139:DEBUG:AndroidRunner.Adb:D0AA002279J91969581: "getprop ro.build.version.release" returned: 
10

2022-10-25 11:13:14,192:DEBUG:AndroidRunner.Adb:D0AA002279J91969581: "getprop ro.build.version.sdk" returned: 
29

2022-10-25 11:13:14,193:DEBUG:Scripts:Running hook after_launch on device nokia (D0AA002279J91969581, Android 10, API level 29)
args: ('D0AA002279J91969581', 'com.vrem.wifianalyzer')
kwargs: {}
2022-10-25 11:13:14,206:INFO:Python3:after_launch.py
2022-10-25 11:13:14,208:DEBUG:Python3:after_launch.py returned None
2022-10-25 11:13:14,212:INFO:Profilers:Start profiling
2022-10-25 11:13:14,257:DEBUG:AndroidRunner.Adb:D0AA002279J91969581: "getprop ro.build.version.release" returned: 
10

2022-10-25 11:13:14,301:DEBUG:AndroidRunner.Adb:D0AA002279J91969581: "getprop ro.build.version.sdk" returned: 
29

2022-10-25 11:13:14,302:DEBUG:PluginHandler:Batterystats: nokia (D0AA002279J91969581, Android 10, API level 29): Start profiling
2022-10-25 11:13:14,357:DEBUG:AndroidRunner.Adb:D0AA002279J91969581: "dumpsys batterystats --reset" returned: 
Battery stats reset.

2022-10-25 11:13:14,414:DEBUG:AndroidRunner.Adb:D0AA002279J91969581: "getprop ro.build.version.release" returned: 
10

2022-10-25 11:13:14,459:DEBUG:AndroidRunner.Adb:D0AA002279J91969581: "getprop ro.build.version.sdk" returned: 
29

2022-10-25 11:13:14,460:DEBUG:Scripts:Running hook interaction on device nokia (D0AA002279J91969581, Android 10, API level 29)
args: (<AndroidRunner.NativeExperiment.NativeExperiment object at 0x7f8528b790>,)
kwargs: {}
2022-10-25 11:13:14,475:INFO:Python3:interaction.py
2022-10-25 11:13:14,539:DEBUG:AndroidRunner.Adb:D0AA002279J91969581: "dumpsys activity recents | grep "Recent #0" | cut -d "=" -f2 | grep -o -p "[a-z|.]*"" returned: 
com.vrem.wifianalyzer


2022-10-25 11:13:14,540:DEBUG:Device:Current activity: com.vrem.wifianalyzer
2022-10-25 11:14:32,154:DEBUG:Python3:interaction.py returned None
2022-10-25 11:15:02,191:INFO:Profilers:Stop profiling
2022-10-25 11:15:02,282:DEBUG:AndroidRunner.Adb:D0AA002279J91969581: "getprop ro.build.version.release" returned: 
10

2022-10-25 11:15:02,359:DEBUG:AndroidRunner.Adb:D0AA002279J91969581: "getprop ro.build.version.sdk" returned: 
29

2022-10-25 11:15:02,361:DEBUG:PluginHandler:Batterystats: nokia (D0AA002279J91969581, Android 10, API level 29): Stop profiling
2022-10-25 11:15:02,455:DEBUG:AndroidRunner.Adb:D0AA002279J91969581: "dumpsys activity recents | grep "Recent #0" | cut -d "=" -f2 | grep -o -p "[a-z|.]*"" returned: 
com.vrem.wifianalyzer


2022-10-25 11:15:02,457:DEBUG:Device:Current activity: com.vrem.wifianalyzer
2022-10-25 11:15:02,540:DEBUG:AndroidRunner.Adb:D0AA002279J91969581: "getprop ro.build.version.release" returned: 
10

2022-10-25 11:15:02,619:DEBUG:AndroidRunner.Adb:D0AA002279J91969581: "getprop ro.build.version.sdk" returned: 
29

2022-10-25 11:15:02,621:DEBUG:Scripts:Running hook before_close on device nokia (D0AA002279J91969581, Android 10, API level 29)
args: ('D0AA002279J91969581', 'com.vrem.wifianalyzer')
kwargs: {}
2022-10-25 11:15:02,639:INFO:Python3:before_close.py
2022-10-25 11:15:02,641:DEBUG:Python3:before_close.py returned None
2022-10-25 11:15:02,808:DEBUG:AndroidRunner.Adb:D0AA002279J91969581: "am force-stop com.vrem.wifianalyzer" returned: 

2022-10-25 11:15:05,902:DEBUG:AndroidRunner.Adb:D0AA002279J91969581: "getprop ro.build.version.release" returned: 
10

2022-10-25 11:15:05,991:DEBUG:AndroidRunner.Adb:D0AA002279J91969581: "getprop ro.build.version.sdk" returned: 
29

2022-10-25 11:15:05,992:DEBUG:Scripts:Running hook after_run on device nokia (D0AA002279J91969581, Android 10, API level 29)
args: ()
kwargs: {}
2022-10-25 11:15:06,010:INFO:Python3:after_run.py
2022-10-25 11:15:06,611:DEBUG:AndroidRunner.Adb:D0AA002279J91969581: "input tap 600 1000" returned: 

2022-10-25 11:15:06,614:DEBUG:Python3:after_run.py returned None
2022-10-25 11:15:06,621:INFO:Profilers:Collecting results
2022-10-25 11:15:06,723:DEBUG:AndroidRunner.Adb:D0AA002279J91969581: "getprop ro.build.version.release" returned: 
10

2022-10-25 11:15:06,800:DEBUG:AndroidRunner.Adb:D0AA002279J91969581: "getprop ro.build.version.sdk" returned: 
29

2022-10-25 11:15:06,801:DEBUG:PluginHandler:Batterystats: nokia (D0AA002279J91969581, Android 10, API level 29): Collecting data
2022-10-25 11:15:06,878:DEBUG:AndroidRunner.Adb:D0AA002279J91969581: "getprop ro.build.version.sdk" returned: 
29

2022-10-25 11:15:07,029:DEBUG:AndroidRunner.Adb:D0AA002279J91969581: "logcat -f /mnt/sdcard/logcat.txt -d" returned: 

2022-10-25 11:15:07,190:DEBUG:AndroidRunner.Adb:D0AA002279J91969581: "rm -f /mnt/sdcard/logcat.txt" returned: 

2022-10-25 11:15:07,334:DEBUG:AndroidRunner.Adb:D0AA002279J91969581: "dumpsys batterystats --history" returned: 
Battery History (0% used, 612 used of 4096KB, 5 strings using 194):
                    0 (14) RESET:TIME: 2022-10-25-11-14-31
                    0 (1) 100 status=charging health=good plug=none temp=280 volt=4398 charge=3222 modemRailChargemAh=0 wifiRailChargemAh=0 +running +wake_lock +wifi_scan +phone_scanning +screen phone_state=out +wifi_running +wifi +usb_data wifi_suppl=disconn +ble_scan
                    0 (2) 100 top=u0a202:"com.vrem.wifianalyzer"
                    0 (2) 100 user=0:"0"
                    0 (2) 100 userfg=0:"0"
                +20ms (2) 100 stats=0:"wakelock-change"
             +1s783ms (1) 100 -wifi_scan wifi_suppl=associating
             +1s895ms (1) 100 wifi_suppl=associated
             +1s900ms (1) 100 wifi_suppl=4-way-handshake
             +4s210ms (1) 100 +wifi_scan
             +4s212ms (1) 100 -wifi_scan
             +5s962ms (1) 100 wifi_suppl=disconn
             +9s268ms (1) 100 +wifi_scan
            +12s107ms (1) 100 -wifi_scan wifi_suppl=associating
            +12s184ms (1) 100 wifi_suppl=associated
            +12s187ms (1) 100 wifi_suppl=4-way-handshake
            +16s259ms (1) 100 wifi_suppl=disconn
          +1m30s693ms (1) 100 +wifi_scan
          +1m33s551ms (1) 100 -wifi_scan wifi_suppl=associating
          +1m33s617ms (1) 100 wifi_suppl=associated
          +1m33s620ms (1) 100 wifi_suppl=4-way-handshake
          +1m37s701ms (1) 100 wifi_suppl=disconn
          +1m48s414ms (2) 100 -top=u0a202:"com.vrem.wifianalyzer"
          +1m48s414ms (2) 100 +top=u0a15:"com.android.launcher3"
          +1m52s945ms (2) 100 stats=0:"dump"

Total cpu time reads: 0
Batched cpu time reads: 0
Batching Duration (min): 4210
All UID cpu time reads since the later of device start or stats reset: 8
UIDs removed since the later of device start or stats reset: 0

2022-10-25 11:15:07,579:DEBUG:AndroidRunner.Adb:D0AA002279J91969581: "dumpsys batterystats | grep "Computed drain:"" returned: 
    Capacity: 3500, Computed drain: 4.87, actual drain: 0

2022-10-25 11:15:07,740:DEBUG:AndroidRunner.Adb:D0AA002279J91969581: "dumpsys batterystats | grep "volt="" returned: 
                    0 (1) 100 status=charging health=good plug=none temp=280 volt=4398 charge=3222 modemRailChargemAh=0 wifiRailChargemAh=0 +running +wake_lock +wifi_scan +phone_scanning +screen phone_state=out +wifi_running +wifi +usb_data wifi_suppl=disconn +ble_scan

2022-10-25 11:15:10,789:DEBUG:AndroidRunner.Adb:D0AA002279J91969581: "cat /proc/cpuinfo | grep processor | wc -l" returned: 
8

2022-10-25 11:15:10,803:INFO:NativeExperiment:Sleeping for 3000 milliseconds
2022-10-25 11:15:13,943:DEBUG:AndroidRunner.Adb:D0AA002279J91969581: "pm list packages" returned: 
package:com.google.android.apps.subscriptions.red
package:com.android.cts.priv.ctsshim
package:com.qualcomm.qti.qms.service.telemetry
package:com.google.android.youtube
package:com.android.internal.display.cutout.emulation.corner
package:com.google.android.ext.services
package:com.android.internal.display.cutout.emulation.double
package:com.android.providers.telephony
package:com.android.dynsystem
package:com.hmdglobal.app.puredisplay
package:com.google.android.googlequicksearchbox
package:com.android.providers.calendar
package:com.google.android.apps.googleassistant
package:com.android.providers.media
package:com.hmdglobal.app.swfp
package:com.qti.service.colorservice
package:com.android.theme.icon.square
package:com.google.android.onetimeinitializer
package:com.google.android.ext.shared
package:com.ichi2.anki
package:com.android.internal.systemui.navbar.gestural_wide_back
package:com.qualcomm.qti.simcontacts
package:com.android.wallpapercropper
package:com.android.theme.color.cinnamon
package:com.android.protips
package:com.android.theme.icon_pack.rounded.systemui
package:com.android.documentsui
package:com.android.externalstorage
package:com.qualcomm.uimremoteclient
package:com.android.htmlviewer
package:com.qualcomm.qti.uceShimService
package:com.android.companiondevicemanager
package:com.hmdglobal.app.activation
package:com.android.mms.service
package:com.wos.face.service
package:com.qualcomm.qti.qms.service.connectionsecurity
package:com.android.providers.downloads
package:com.qualcomm.qtil.aptxalsOverlay
package:org.isoron.uhabits
package:com.google.android.apps.messaging
package:com.android.networkstack.inprocess
package:com.android.partnerbrowsercustomizations.example
package:com.android.theme.icon_pack.rounded.android
package:vendor.qti.hardware.cacert.server
package:com.qualcomm.qti.callenhancement
package:com.qualcomm.qti.telephonyservice
package:com.android.theme.icon_pack.circular.themepicker
package:com.google.android.overlay.gmsgsaconfig
package:vendor.qti.iwlan
package:com.google.android.configupdater
package:com.qualcomm.qti.optinoverlay
package:com.google.android.overlay.modules.permissioncontroller
package:com.qualcomm.uimremoteserver
package:com.qti.confuridialer
package:com.google.ar.core
package:com.google.ar.lens
package:com.android.providers.downloads.ui
package:com.android.vending
package:com.android.pacprocessor
package:com.android.simappdialog
package:com.android.internal.display.cutout.emulation.tall
package:com.android.certinstaller
package:com.android.theme.color.black
package:com.android.carrierconfig
package:com.google.android.marvin.talkback
package:com.android.theme.color.green
package:com.hmdglobal.app.customizationclient
package:com.android.theme.color.ocean
package:com.android.theme.color.space
package:org.codeaurora.bluetooth
package:com.android.internal.systemui.navbar.threebutton
package:com.google.android.apps.work.oobconfig
package:com.qti.qualcomm.datastatusnotification
package:com.hmdglobal.app.fmradio
package:android
package:com.qualcomm.qti.callfeaturessetting
package:com.qualcomm.wfd.service
package:com.qualcomm.qtil.aptxals
package:com.android.theme.icon_pack.rounded.launcher
package:com.qti.qualcomm.deviceinfo
package:com.android.egg
package:com.android.mtp
package:com.android.nfc
package:com.android.ons
package:com.android.stk
package:com.android.launcher3
package:com.android.backupconfirm
package:com.vrem.wifianalyzer
package:com.google.android.deskclock
package:com.android.internal.systemui.navbar.twobutton
package:org.codeaurora.ims
package:com.android.statementservice
package:com.android.hotspot2
package:com.google.android.as
package:com.google.android.gm
package:com.hmdglobal.app.myphonehelper
package:com.android.settings.intelligence
package:com.android.internal.systemui.navbar.gestural_extra_wide_back
package:com.google.android.permissioncontroller
package:com.google.android.setupwizard
package:com.qualcomm.qcrilmsgtunnel
package:com.android.providers.settings
package:com.android.sharedstoragebackup
package:com.android.printspooler
package:com.android.theme.icon_pack.filled.settings
package:com.android.dreams.basic
package:com.google.android.overlay.modules.ext.services
package:com.android.se
package:com.android.inputdevices
package:com.qualcomm.qti.biometrics.fingerprint.service
package:com.google.android.apps.wellbeing
package:com.google.android.dialer
package:com.android.bips
package:com.qti.dpmserviceapp
package:com.google.android.apps.nbu.files
package:android.autoinstalls.config.hmdglobal.starlord
package:com.android.theme.icon_pack.circular.settings
package:com.qti.xdivert
package:com.android.musicfx
package:com.android.settings.overlay.common
package:com.hmdglobal.app.setupwizardext
package:com.google.android.overlay.gmsconfig
package:com.google.android.apps.docs
package:com.google.android.apps.maps
package:com.google.android.modulemetadata
package:com.android.cellbroadcastreceiver
package:com.google.android.webview
package:com.android.theme.icon.teardrop
package:com.qualcomm.qti.simsettings
package:com.google.android.contacts
package:com.android.server.telecom
package:com.google.android.syncadapters.contacts
package:com.android.keychain
package:com.mytechia.robobo.app.ros.robobodeveloper
package:com.android.chrome
package:com.android.theme.icon_pack.filled.systemui
package:com.google.android.packageinstaller
package:com.google.android.gms
package:com.google.android.gsf
package:com.google.android.ims
package:com.google.android.tag
package:com.google.android.tts
package:com.google.android.gmsintegration
package:com.qualcomm.qti.qtisystemservice
package:com.android.calllogbackup
package:com.google.android.partnersetup
package:com.android.localtransport
package:com.android.carrierdefaultapp
package:com.hmdglobal.app.camera
package:com.dsi.ant.server
package:com.qualcomm.qti.remoteSimlockAuth
package:com.android.theme.font.notoserifsource
package:com.android.theme.icon_pack.filled.android
package:com.android.proxyhandler
package:com.qualcomm.qti.workloadclassifier
package:com.android.theme.icon_pack.circular.systemui
package:com.google.android.overlay.modules.permissioncontroller.forframework
package:com.example.simplebutton
package:com.google.android.feedback
package:com.google.android.printservice.recommendation
package:com.google.android.apps.photos
package:com.google.android.calendar
package:com.android.managedprovisioning
package:com.fsck.k9
package:com.android.providers.partnerbookmarks
package:com.android.smspush
package:com.trustonic.teeservice
package:com.android.wallpaper.livepicker
package:com.hmdglobal.app.midtest
package:com.android.theme.icon.squircle
package:com.android.storagemanager
package:com.android.bookmarkprovider
package:com.android.settings
package:com.qualcomm.qti.cne
package:com.qualcomm.qti.ims
package:com.android.theme.icon_pack.filled.launcher
package:com.android.networkstack.permissionconfig
package:com.hmdglobal.support
package:com.google.android.projection.gearhead
package:com.qualcomm.location
package:com.qualcomm.simcontacts
package:com.google.android.apps.turbo
package:com.android.cts.ctsshim
package:com.android.theme.icon_pack.circular.launcher
package:com.qualcomm.qti.services.secureui
package:com.hmdglobal.enterprise.api
package:com.android.vpndialogs
package:com.qualcomm.location.XT
package:com.google.android.apps.wallpaper
package:com.android.phone
package:com.android.shell
package:com.android.theme.icon_pack.filled.themepicker
package:com.android.wallpaperbackup
package:com.android.providers.blockednumber
package:com.android.providers.userdictionary
package:com.android.emergency
package:com.qualcomm.qti.seccamservice
package:com.qualcomm.qti.qmmi
package:com.google.android.gms.location.history
package:com.android.internal.systemui.navbar.gestural
package:com.android.location.fused
package:com.hmdglobal.app.midfm
package:com.android.theme.color.orchid
package:com.hmdglobal.app.omacp
package:com.android.systemui
package:com.android.theme.color.purple
package:com.hmdglobal.app.sarauth
package:com.android.bluetoothmidiservice
package:com.qualcomm.qti.confdialer
package:com.qualcomm.qti.poweroffalarm
package:com.qualcomm.qti.networksetting
package:com.hmdglobal.app.bokeheditor
package:com.quicinc.trepn
package:com.android.traceur
package:com.android.apppredictionservice
package:com.qualcomm.qti.qms.service.trustzoneaccess
package:com.hmdglobal.app.legalinformation
package:com.google.android.apps.magazines
package:com.android.bluetooth
package:com.qualcomm.timeservice
package:com.android.wallpaperpicker
package:com.android.providers.contacts
package:com.android.captiveportallogin
package:com.hmdglobal.app.cdfinger
package:com.android.theme.icon.roundedrect
package:com.android.internal.systemui.navbar.gestural_narrow_back
package:com.android.theme.icon_pack.rounded.settings
package:com.google.android.inputmethod.latin
package:com.android.theme.icon_pack.circular.android
package:com.google.android.apps.restore
package:com.google.android.overlay.searchlauncherconfig

2022-10-25 11:15:13,945:INFO:Profilers:Start subject aggregation
2022-10-25 11:15:13,946:DEBUG:PluginHandler:%s: aggregating subject results
2022-10-25 11:15:13,950:INFO:NativeExperiment:Experiment completed, start cleanup
2022-10-25 11:15:14,035:DEBUG:AndroidRunner.Adb:D0AA002279J91969581: "getprop ro.build.version.release" returned: 
10

2022-10-25 11:15:14,118:DEBUG:AndroidRunner.Adb:D0AA002279J91969581: "getprop ro.build.version.sdk" returned: 
29

2022-10-25 11:15:14,119:DEBUG:Scripts:Running hook after_experiment on device nokia (D0AA002279J91969581, Android 10, API level 29)
args: ()
kwargs: {}
2022-10-25 11:15:14,140:INFO:Python3:after_experiment.py
2022-10-25 11:15:14,289:DEBUG:Python3:after_experiment.py returned None
2022-10-25 11:15:14,409:DEBUG:AndroidRunner.Adb:D0AA002279J91969581: "dumpsys battery reset" returned: 

2022-10-25 11:15:14,410:INFO:Profilers:Stop profiling
2022-10-25 11:15:14,487:DEBUG:AndroidRunner.Adb:D0AA002279J91969581: "getprop ro.build.version.release" returned: 
10

2022-10-25 11:15:14,570:DEBUG:AndroidRunner.Adb:D0AA002279J91969581: "getprop ro.build.version.sdk" returned: 
29

2022-10-25 11:15:14,571:DEBUG:PluginHandler:Batterystats: nokia (D0AA002279J91969581, Android 10, API level 29): Stop profiling
2022-10-25 11:15:14,571:INFO:Profilers:Unloading
2022-10-25 11:15:14,635:DEBUG:AndroidRunner.Adb:D0AA002279J91969581: "getprop ro.build.version.release" returned: 
10

2022-10-25 11:15:14,718:DEBUG:AndroidRunner.Adb:D0AA002279J91969581: "getprop ro.build.version.sdk" returned: 
29

2022-10-25 11:15:14,719:DEBUG:PluginHandler:Batterystats: nokia (D0AA002279J91969581, Android 10, API level 29): Cleanup
2022-10-25 11:15:14,853:DEBUG:AndroidRunner.Adb:D0AA002279J91969581: "pm list packages" returned: 
package:com.google.android.apps.subscriptions.red
package:com.android.cts.priv.ctsshim
package:com.qualcomm.qti.qms.service.telemetry
package:com.google.android.youtube
package:com.android.internal.display.cutout.emulation.corner
package:com.google.android.ext.services
package:com.android.internal.display.cutout.emulation.double
package:com.android.providers.telephony
package:com.android.dynsystem
package:com.hmdglobal.app.puredisplay
package:com.google.android.googlequicksearchbox
package:com.android.providers.calendar
package:com.google.android.apps.googleassistant
package:com.android.providers.media
package:com.hmdglobal.app.swfp
package:com.qti.service.colorservice
package:com.android.theme.icon.square
package:com.google.android.onetimeinitializer
package:com.google.android.ext.shared
package:com.ichi2.anki
package:com.android.internal.systemui.navbar.gestural_wide_back
package:com.qualcomm.qti.simcontacts
package:com.android.wallpapercropper
package:com.android.theme.color.cinnamon
package:com.android.protips
package:com.android.theme.icon_pack.rounded.systemui
package:com.android.documentsui
package:com.android.externalstorage
package:com.qualcomm.uimremoteclient
package:com.android.htmlviewer
package:com.qualcomm.qti.uceShimService
package:com.android.companiondevicemanager
package:com.hmdglobal.app.activation
package:com.android.mms.service
package:com.wos.face.service
package:com.qualcomm.qti.qms.service.connectionsecurity
package:com.android.providers.downloads
package:com.qualcomm.qtil.aptxalsOverlay
package:org.isoron.uhabits
package:com.google.android.apps.messaging
package:com.android.networkstack.inprocess
package:com.android.partnerbrowsercustomizations.example
package:com.android.theme.icon_pack.rounded.android
package:vendor.qti.hardware.cacert.server
package:com.qualcomm.qti.callenhancement
package:com.qualcomm.qti.telephonyservice
package:com.android.theme.icon_pack.circular.themepicker
package:com.google.android.overlay.gmsgsaconfig
package:vendor.qti.iwlan
package:com.google.android.configupdater
package:com.qualcomm.qti.optinoverlay
package:com.google.android.overlay.modules.permissioncontroller
package:com.qualcomm.uimremoteserver
package:com.qti.confuridialer
package:com.google.ar.core
package:com.google.ar.lens
package:com.android.providers.downloads.ui
package:com.android.vending
package:com.android.pacprocessor
package:com.android.simappdialog
package:com.android.internal.display.cutout.emulation.tall
package:com.android.certinstaller
package:com.android.theme.color.black
package:com.android.carrierconfig
package:com.google.android.marvin.talkback
package:com.android.theme.color.green
package:com.hmdglobal.app.customizationclient
package:com.android.theme.color.ocean
package:com.android.theme.color.space
package:org.codeaurora.bluetooth
package:com.android.internal.systemui.navbar.threebutton
package:com.google.android.apps.work.oobconfig
package:com.qti.qualcomm.datastatusnotification
package:com.hmdglobal.app.fmradio
package:android
package:com.qualcomm.qti.callfeaturessetting
package:com.qualcomm.wfd.service
package:com.qualcomm.qtil.aptxals
package:com.android.theme.icon_pack.rounded.launcher
package:com.qti.qualcomm.deviceinfo
package:com.android.egg
package:com.android.mtp
package:com.android.nfc
package:com.android.ons
package:com.android.stk
package:com.android.launcher3
package:com.android.backupconfirm
package:com.vrem.wifianalyzer
package:com.google.android.deskclock
package:com.android.internal.systemui.navbar.twobutton
package:org.codeaurora.ims
package:com.android.statementservice
package:com.android.hotspot2
package:com.google.android.as
package:com.google.android.gm
package:com.hmdglobal.app.myphonehelper
package:com.android.settings.intelligence
package:com.android.internal.systemui.navbar.gestural_extra_wide_back
package:com.google.android.permissioncontroller
package:com.google.android.setupwizard
package:com.qualcomm.qcrilmsgtunnel
package:com.android.providers.settings
package:com.android.sharedstoragebackup
package:com.android.printspooler
package:com.android.theme.icon_pack.filled.settings
package:com.android.dreams.basic
package:com.google.android.overlay.modules.ext.services
package:com.android.se
package:com.android.inputdevices
package:com.qualcomm.qti.biometrics.fingerprint.service
package:com.google.android.apps.wellbeing
package:com.google.android.dialer
package:com.android.bips
package:com.qti.dpmserviceapp
package:com.google.android.apps.nbu.files
package:android.autoinstalls.config.hmdglobal.starlord
package:com.android.theme.icon_pack.circular.settings
package:com.qti.xdivert
package:com.android.musicfx
package:com.android.settings.overlay.common
package:com.hmdglobal.app.setupwizardext
package:com.google.android.overlay.gmsconfig
package:com.google.android.apps.docs
package:com.google.android.apps.maps
package:com.google.android.modulemetadata
package:com.android.cellbroadcastreceiver
package:com.google.android.webview
package:com.android.theme.icon.teardrop
package:com.qualcomm.qti.simsettings
package:com.google.android.contacts
package:com.android.server.telecom
package:com.google.android.syncadapters.contacts
package:com.android.keychain
package:com.mytechia.robobo.app.ros.robobodeveloper
package:com.android.chrome
package:com.android.theme.icon_pack.filled.systemui
package:com.google.android.packageinstaller
package:com.google.android.gms
package:com.google.android.gsf
package:com.google.android.ims
package:com.google.android.tag
package:com.google.android.tts
package:com.google.android.gmsintegration
package:com.qualcomm.qti.qtisystemservice
package:com.android.calllogbackup
package:com.google.android.partnersetup
package:com.android.localtransport
package:com.android.carrierdefaultapp
package:com.hmdglobal.app.camera
package:com.dsi.ant.server
package:com.qualcomm.qti.remoteSimlockAuth
package:com.android.theme.font.notoserifsource
package:com.android.theme.icon_pack.filled.android
package:com.android.proxyhandler
package:com.qualcomm.qti.workloadclassifier
package:com.android.theme.icon_pack.circular.systemui
package:com.google.android.overlay.modules.permissioncontroller.forframework
package:com.example.simplebutton
package:com.google.android.feedback
package:com.google.android.printservice.recommendation
package:com.google.android.apps.photos
package:com.google.android.calendar
package:com.android.managedprovisioning
package:com.fsck.k9
package:com.android.providers.partnerbookmarks
package:com.android.smspush
package:com.trustonic.teeservice
package:com.android.wallpaper.livepicker
package:com.hmdglobal.app.midtest
package:com.android.theme.icon.squircle
package:com.android.storagemanager
package:com.android.bookmarkprovider
package:com.android.settings
package:com.qualcomm.qti.cne
package:com.qualcomm.qti.ims
package:com.android.theme.icon_pack.filled.launcher
package:com.android.networkstack.permissionconfig
package:com.hmdglobal.support
package:com.google.android.projection.gearhead
package:com.qualcomm.location
package:com.qualcomm.simcontacts
package:com.google.android.apps.turbo
package:com.android.cts.ctsshim
package:com.android.theme.icon_pack.circular.launcher
package:com.qualcomm.qti.services.secureui
package:com.hmdglobal.enterprise.api
package:com.android.vpndialogs
package:com.qualcomm.location.XT
package:com.google.android.apps.wallpaper
package:com.android.phone
package:com.android.shell
package:com.android.theme.icon_pack.filled.themepicker
package:com.android.wallpaperbackup
package:com.android.providers.blockednumber
package:com.android.providers.userdictionary
package:com.android.emergency
package:com.qualcomm.qti.seccamservice
package:com.qualcomm.qti.qmmi
package:com.google.android.gms.location.history
package:com.android.internal.systemui.navbar.gestural
package:com.android.location.fused
package:com.hmdglobal.app.midfm
package:com.android.theme.color.orchid
package:com.hmdglobal.app.omacp
package:com.android.systemui
package:com.android.theme.color.purple
package:com.hmdglobal.app.sarauth
package:com.android.bluetoothmidiservice
package:com.qualcomm.qti.confdialer
package:com.qualcomm.qti.poweroffalarm
package:com.qualcomm.qti.networksetting
package:com.hmdglobal.app.bokeheditor
package:com.quicinc.trepn
package:com.android.traceur
package:com.android.apppredictionservice
package:com.qualcomm.qti.qms.service.trustzoneaccess
package:com.hmdglobal.app.legalinformation
package:com.google.android.apps.magazines
package:com.android.bluetooth
package:com.qualcomm.timeservice
package:com.android.wallpaperpicker
package:com.android.providers.contacts
package:com.android.captiveportallogin
package:com.hmdglobal.app.cdfinger
package:com.android.theme.icon.roundedrect
package:com.android.internal.systemui.navbar.gestural_narrow_back
package:com.android.theme.icon_pack.rounded.settings
package:com.google.android.inputmethod.latin
package:com.android.theme.icon_pack.circular.android
package:com.google.android.apps.restore
package:com.google.android.overlay.searchlauncherconfig

2022-10-25 11:15:14,855:INFO:Profilers:Start final aggregation
2022-10-25 11:15:14,856:DEBUG:PluginHandler:%s: aggregating results
