2022-10-26 05:36:30,085:INFO:ExperimentFactory:/home/pi/android-runner/examples/batterystats/config.json
2022-10-26 05:36:30,152:DEBUG:AndroidRunner.Adb:Device list:
{0: 'D0AA002279J91969581'}
2022-10-26 05:36:30,152:INFO:Device:Setting logcat buffer size to 57344K
2022-10-26 05:36:30,238:DEBUG:AndroidRunner.Adb:D0AA002279J91969581: "logcat -G 57344K" returned: 

2022-10-26 05:36:30,300:DEBUG:PluginHandler:batterystats: Initialized
2022-10-26 05:36:30,304:DEBUG:Python3:Imported /home/pi/android-runner/examples/batterystats/Scripts/before_experiment.py
2022-10-26 05:36:30,307:DEBUG:Python3:Imported /home/pi/android-runner/examples/batterystats/Scripts/before_run.py
2022-10-26 05:36:30,309:DEBUG:Python3:Imported /home/pi/android-runner/examples/batterystats/Scripts/after_launch.py
2022-10-26 05:36:30,311:DEBUG:Python3:Imported /home/pi/android-runner/examples/batterystats/Scripts/interaction.py
2022-10-26 05:36:30,314:DEBUG:Python3:Imported /home/pi/android-runner/examples/batterystats/Scripts/before_close.py
2022-10-26 05:36:30,316:DEBUG:Python3:Imported /home/pi/android-runner/examples/batterystats/Scripts/after_run.py
2022-10-26 05:36:30,318:DEBUG:Python3:Imported /home/pi/android-runner/examples/batterystats/Scripts/after_experiment.py
2022-10-26 05:36:30,426:DEBUG:AndroidRunner.Adb:D0AA002279J91969581: "getprop ro.build.version.release" returned: 
10

2022-10-26 05:36:30,492:DEBUG:AndroidRunner.Adb:D0AA002279J91969581: "getprop ro.build.version.sdk" returned: 
29

2022-10-26 05:36:30,493:INFO:NativeExperiment:Device: nokia (D0AA002279J91969581, Android 10, API level 29)
2022-10-26 05:36:30,494:INFO:Profilers:Loading
2022-10-26 05:36:30,552:DEBUG:AndroidRunner.Adb:D0AA002279J91969581: "getprop ro.build.version.release" returned: 
10

2022-10-26 05:36:30,610:DEBUG:AndroidRunner.Adb:D0AA002279J91969581: "getprop ro.build.version.sdk" returned: 
29

2022-10-26 05:36:30,611:DEBUG:PluginHandler:Batterystats: nokia (D0AA002279J91969581, Android 10, API level 29): Loading configuration
2022-10-26 05:36:30,612:INFO:Device:Default unplug
2022-10-26 05:36:30,667:DEBUG:AndroidRunner.Adb:D0AA002279J91969581: "getprop ro.build.version.sdk" returned: 
29

2022-10-26 05:36:30,738:DEBUG:AndroidRunner.Adb:D0AA002279J91969581: "dumpsys battery unplug" returned: 

2022-10-26 05:36:30,814:DEBUG:AndroidRunner.Adb:D0AA002279J91969581: "getprop ro.build.version.release" returned: 
10

2022-10-26 05:36:30,878:DEBUG:AndroidRunner.Adb:D0AA002279J91969581: "getprop ro.build.version.sdk" returned: 
29

2022-10-26 05:36:30,879:DEBUG:Scripts:Running hook before_experiment on device nokia (D0AA002279J91969581, Android 10, API level 29)
args: ()
kwargs: {}
2022-10-26 05:36:30,899:INFO:Python3:before_experiment.py
2022-10-26 05:36:30,901:DEBUG:Python3:before_experiment.py returned None
2022-10-26 05:36:30,905:INFO:Profilers:Setting output
2022-10-26 05:36:30,908:DEBUG:PluginHandler:Batterystats: Setting output: /home/pi/android-runner/examples/batterystats/output/2022.10.26_053630/data/nokia/com-ichi2-anki/batterystats
2022-10-26 05:36:30,908:INFO:NativeExperiment:Run 1/1 of subject "com.ichi2.anki" on nokia
2022-10-26 05:36:30,993:DEBUG:AndroidRunner.Adb:D0AA002279J91969581: "logcat -c" returned: 

2022-10-26 05:36:30,994:INFO:NativeExperiment:Logcat cleared
2022-10-26 05:36:31,061:DEBUG:AndroidRunner.Adb:D0AA002279J91969581: "getprop ro.build.version.release" returned: 
10

2022-10-26 05:36:31,121:DEBUG:AndroidRunner.Adb:D0AA002279J91969581: "getprop ro.build.version.sdk" returned: 
29

2022-10-26 05:36:31,122:DEBUG:Scripts:Running hook before_run on device nokia (D0AA002279J91969581, Android 10, API level 29)
args: ()
kwargs: {}
2022-10-26 05:36:31,135:INFO:Python3:before_run.py
2022-10-26 05:36:31,137:DEBUG:Python3:before_run.py returned None
2022-10-26 05:36:32,210:DEBUG:AndroidRunner.Adb:D0AA002279J91969581: "monkey -p com.ichi2.anki 1" returned: 
  bash arg: -p
  bash arg: com.ichi2.anki
  bash arg: 1
args: [-p, com.ichi2.anki, 1]
 arg: "-p"
 arg: "com.ichi2.anki"
 arg: "1"
data="com.ichi2.anki"
Events injected: 1
## Network stats: elapsed time=32ms (0ms mobile, 0ms wifi, 32ms not connected)

2022-10-26 05:36:33,276:DEBUG:AndroidRunner.Adb:D0AA002279J91969581: "dumpsys activity recents | grep "Recent #0" | cut -d "=" -f2 | grep -o -p "[a-z|.]*"" returned: 
com.ichi


2022-10-26 05:36:33,277:DEBUG:Device:Current activity: com.ichi
2022-10-26 05:36:33,323:DEBUG:AndroidRunner.Adb:D0AA002279J91969581: "getprop ro.build.version.release" returned: 
10

2022-10-26 05:36:33,367:DEBUG:AndroidRunner.Adb:D0AA002279J91969581: "getprop ro.build.version.sdk" returned: 
29

2022-10-26 05:36:33,368:DEBUG:Scripts:Running hook after_launch on device nokia (D0AA002279J91969581, Android 10, API level 29)
args: ('D0AA002279J91969581', 'com.ichi')
kwargs: {}
2022-10-26 05:36:33,381:INFO:Python3:after_launch.py
2022-10-26 05:36:33,383:DEBUG:Python3:after_launch.py returned None
2022-10-26 05:36:33,387:INFO:Profilers:Start profiling
2022-10-26 05:36:33,436:DEBUG:AndroidRunner.Adb:D0AA002279J91969581: "getprop ro.build.version.release" returned: 
10

2022-10-26 05:36:33,482:DEBUG:AndroidRunner.Adb:D0AA002279J91969581: "getprop ro.build.version.sdk" returned: 
29

2022-10-26 05:36:33,483:DEBUG:PluginHandler:Batterystats: nokia (D0AA002279J91969581, Android 10, API level 29): Start profiling
2022-10-26 05:36:33,544:DEBUG:AndroidRunner.Adb:D0AA002279J91969581: "dumpsys batterystats --reset" returned: 
Battery stats reset.

2022-10-26 05:36:33,608:DEBUG:AndroidRunner.Adb:D0AA002279J91969581: "getprop ro.build.version.release" returned: 
10

2022-10-26 05:36:33,656:DEBUG:AndroidRunner.Adb:D0AA002279J91969581: "getprop ro.build.version.sdk" returned: 
29

2022-10-26 05:36:33,657:DEBUG:Scripts:Running hook interaction on device nokia (D0AA002279J91969581, Android 10, API level 29)
args: (<AndroidRunner.NativeExperiment.NativeExperiment object at 0x7f8b5b07c0>,)
kwargs: {}
2022-10-26 05:36:33,671:INFO:Python3:interaction.py
2022-10-26 05:36:33,736:DEBUG:AndroidRunner.Adb:D0AA002279J91969581: "dumpsys activity recents | grep "Recent #0" | cut -d "=" -f2 | grep -o -p "[a-z|.]*"" returned: 
com.ichi


2022-10-26 05:36:33,737:DEBUG:Device:Current activity: com.ichi
2022-10-26 05:37:21,854:DEBUG:Python3:interaction.py returned None
2022-10-26 05:37:51,889:INFO:Profilers:Stop profiling
2022-10-26 05:37:51,984:DEBUG:AndroidRunner.Adb:D0AA002279J91969581: "getprop ro.build.version.release" returned: 
10

2022-10-26 05:37:52,062:DEBUG:AndroidRunner.Adb:D0AA002279J91969581: "getprop ro.build.version.sdk" returned: 
29

2022-10-26 05:37:52,063:DEBUG:PluginHandler:Batterystats: nokia (D0AA002279J91969581, Android 10, API level 29): Stop profiling
2022-10-26 05:37:52,159:DEBUG:AndroidRunner.Adb:D0AA002279J91969581: "dumpsys activity recents | grep "Recent #0" | cut -d "=" -f2 | grep -o -p "[a-z|.]*"" returned: 
com.ichi


2022-10-26 05:37:52,161:DEBUG:Device:Current activity: com.ichi
2022-10-26 05:37:52,242:DEBUG:AndroidRunner.Adb:D0AA002279J91969581: "getprop ro.build.version.release" returned: 
10

2022-10-26 05:37:52,322:DEBUG:AndroidRunner.Adb:D0AA002279J91969581: "getprop ro.build.version.sdk" returned: 
29

2022-10-26 05:37:52,323:DEBUG:Scripts:Running hook before_close on device nokia (D0AA002279J91969581, Android 10, API level 29)
args: ('D0AA002279J91969581', 'com.ichi')
kwargs: {}
2022-10-26 05:37:52,340:INFO:Python3:before_close.py
2022-10-26 05:37:52,342:DEBUG:Python3:before_close.py returned None
2022-10-26 05:37:52,494:DEBUG:AndroidRunner.Adb:D0AA002279J91969581: "am force-stop com.ichi2.anki" returned: 

2022-10-26 05:37:55,586:DEBUG:AndroidRunner.Adb:D0AA002279J91969581: "getprop ro.build.version.release" returned: 
10

2022-10-26 05:37:55,666:DEBUG:AndroidRunner.Adb:D0AA002279J91969581: "getprop ro.build.version.sdk" returned: 
29

2022-10-26 05:37:55,667:DEBUG:Scripts:Running hook after_run on device nokia (D0AA002279J91969581, Android 10, API level 29)
args: ()
kwargs: {}
2022-10-26 05:37:55,687:INFO:Python3:after_run.py
2022-10-26 05:37:56,287:DEBUG:AndroidRunner.Adb:D0AA002279J91969581: "input tap 1023 2317" returned: 

2022-10-26 05:37:56,289:DEBUG:Python3:after_run.py returned None
2022-10-26 05:37:56,297:INFO:Profilers:Collecting results
2022-10-26 05:37:56,384:DEBUG:AndroidRunner.Adb:D0AA002279J91969581: "getprop ro.build.version.release" returned: 
10

2022-10-26 05:37:56,463:DEBUG:AndroidRunner.Adb:D0AA002279J91969581: "getprop ro.build.version.sdk" returned: 
29

2022-10-26 05:37:56,465:DEBUG:PluginHandler:Batterystats: nokia (D0AA002279J91969581, Android 10, API level 29): Collecting data
2022-10-26 05:37:56,544:DEBUG:AndroidRunner.Adb:D0AA002279J91969581: "getprop ro.build.version.sdk" returned: 
29

2022-10-26 05:37:56,708:DEBUG:AndroidRunner.Adb:D0AA002279J91969581: "logcat -f /mnt/sdcard/logcat.txt -d" returned: 

2022-10-26 05:37:56,873:DEBUG:AndroidRunner.Adb:D0AA002279J91969581: "rm -f /mnt/sdcard/logcat.txt" returned: 

2022-10-26 05:37:57,023:DEBUG:AndroidRunner.Adb:D0AA002279J91969581: "dumpsys batterystats --history" returned: 
Battery History (0% used, 456 used of 4096KB, 12 strings using 716):
                    0 (14) RESET:TIME: 2022-10-26-05-36-33
                    0 (1) 100 status=full health=good plug=none temp=280 volt=4365 charge=3488 modemRailChargemAh=0 wifiRailChargemAh=0 +running +wake_lock +phone_scanning +screen phone_state=out +wifi_running +wifi +usb_data wifi_signal_strength=4 wifi_suppl=completed +ble_scan
                    0 (2) 100 top=u0a242:"com.ichi2.anki"
                    0 (2) 100 user=0:"0"
                    0 (2) 100 userfg=0:"0"
                +33ms (2) 100 stats=0:"wakelock-change"
            +12s900ms (2) 100 +wifi_scan +job=u0a111:"com.android.chrome/org.chromium.components.background_task_scheduler.internal.BackgroundTaskJobService"
            +12s922ms (2) 100 -job=u0a111:"com.android.chrome/org.chromium.components.background_task_scheduler.internal.BackgroundTaskJobService"
            +18s014ms (1) 100 -wifi_scan
            +35s916ms (2) 100 +wifi_radio wakeupap=1051:""
            +35s943ms (2) 100 stats=0:"wifi-data: active"
            +36s078ms (2) 100 pkgactive=u0a14:"com.android.providers.blockednumber"
            +36s079ms (2) 100 pkgactive=u0a14:"com.android.providers.userdictionary"
            +48s660ms (2) 100 stats=0:"remove-uid"
            +52s552ms (2) 100 -wifi_radio stats=0:"wifi-data: inactive"
          +1m18s935ms (2) 100 -top=u0a242:"com.ichi2.anki"
          +1m18s935ms (2) 100 +top=u0a15:"com.android.launcher3"
          +1m23s441ms (2) 100 stats=0:"dump"

Total cpu time reads: 0
Batched cpu time reads: 0
Batching Duration (min): 5202
All UID cpu time reads since the later of device start or stats reset: 12
UIDs removed since the later of device start or stats reset: 1

2022-10-26 05:37:57,274:DEBUG:AndroidRunner.Adb:D0AA002279J91969581: "dumpsys batterystats | grep "Computed drain:"" returned: 
    Capacity: 3500, Computed drain: 3.79, actual drain: 0

2022-10-26 05:37:57,433:DEBUG:AndroidRunner.Adb:D0AA002279J91969581: "dumpsys batterystats | grep "volt="" returned: 
                    0 (1) 100 status=full health=good plug=none temp=280 volt=4365 charge=3488 modemRailChargemAh=0 wifiRailChargemAh=0 +running +wake_lock +phone_scanning +screen phone_state=out +wifi_running +wifi +usb_data wifi_signal_strength=4 wifi_suppl=completed +ble_scan

2022-10-26 05:38:00,824:DEBUG:AndroidRunner.Adb:D0AA002279J91969581: "cat /proc/cpuinfo | grep processor | wc -l" returned: 
8

2022-10-26 05:38:00,840:INFO:NativeExperiment:Sleeping for 3000 milliseconds
2022-10-26 05:38:03,983:DEBUG:AndroidRunner.Adb:D0AA002279J91969581: "pm list packages" returned: 
package:com.google.android.apps.subscriptions.red
package:com.android.cts.priv.ctsshim
package:com.qualcomm.qti.qms.service.telemetry
package:com.google.android.youtube
package:com.android.internal.display.cutout.emulation.corner
package:com.google.android.ext.services
package:com.android.internal.display.cutout.emulation.double
package:com.android.providers.telephony
package:com.android.dynsystem
package:com.hmdglobal.app.puredisplay
package:com.google.android.googlequicksearchbox
package:com.android.providers.calendar
package:com.google.android.apps.googleassistant
package:com.android.providers.media
package:com.hmdglobal.app.swfp
package:com.qti.service.colorservice
package:com.android.theme.icon.square
package:com.google.android.onetimeinitializer
package:com.google.android.ext.shared
package:com.ichi2.anki
package:com.android.internal.systemui.navbar.gestural_wide_back
package:com.qualcomm.qti.simcontacts
package:com.android.wallpapercropper
package:com.android.theme.color.cinnamon
package:com.android.protips
package:com.android.theme.icon_pack.rounded.systemui
package:com.android.documentsui
package:com.android.externalstorage
package:com.qualcomm.uimremoteclient
package:com.android.htmlviewer
package:com.qualcomm.qti.uceShimService
package:com.android.companiondevicemanager
package:com.hmdglobal.app.activation
package:com.android.mms.service
package:com.wos.face.service
package:com.qualcomm.qti.qms.service.connectionsecurity
package:com.android.providers.downloads
package:com.qualcomm.qtil.aptxalsOverlay
package:com.google.android.apps.messaging
package:com.android.networkstack.inprocess
package:com.android.partnerbrowsercustomizations.example
package:com.android.theme.icon_pack.rounded.android
package:vendor.qti.hardware.cacert.server
package:com.qualcomm.qti.callenhancement
package:com.qualcomm.qti.telephonyservice
package:com.android.theme.icon_pack.circular.themepicker
package:com.google.android.overlay.gmsgsaconfig
package:vendor.qti.iwlan
package:com.google.android.configupdater
package:com.qualcomm.qti.optinoverlay
package:com.google.android.overlay.modules.permissioncontroller
package:com.qualcomm.uimremoteserver
package:com.qti.confuridialer
package:com.google.ar.core
package:com.google.ar.lens
package:com.android.providers.downloads.ui
package:com.android.vending
package:com.android.pacprocessor
package:com.android.simappdialog
package:com.android.internal.display.cutout.emulation.tall
package:com.android.certinstaller
package:com.android.theme.color.black
package:com.android.carrierconfig
package:com.google.android.marvin.talkback
package:com.android.theme.color.green
package:com.hmdglobal.app.customizationclient
package:com.android.theme.color.ocean
package:com.android.theme.color.space
package:org.codeaurora.bluetooth
package:com.android.internal.systemui.navbar.threebutton
package:com.google.android.apps.work.oobconfig
package:com.qti.qualcomm.datastatusnotification
package:com.hmdglobal.app.fmradio
package:android
package:com.qualcomm.qti.callfeaturessetting
package:com.qualcomm.wfd.service
package:com.qualcomm.qtil.aptxals
package:com.android.theme.icon_pack.rounded.launcher
package:com.qti.qualcomm.deviceinfo
package:com.android.egg
package:com.android.mtp
package:com.android.nfc
package:com.android.ons
package:com.android.stk
package:com.android.launcher3
package:com.android.backupconfirm
package:com.google.android.deskclock
package:com.android.internal.systemui.navbar.twobutton
package:org.codeaurora.ims
package:com.android.statementservice
package:com.android.hotspot2
package:com.google.android.as
package:com.google.android.gm
package:com.hmdglobal.app.myphonehelper
package:com.android.settings.intelligence
package:com.android.internal.systemui.navbar.gestural_extra_wide_back
package:com.google.android.permissioncontroller
package:com.google.android.setupwizard
package:com.qualcomm.qcrilmsgtunnel
package:com.android.providers.settings
package:com.android.sharedstoragebackup
package:com.android.printspooler
package:com.android.theme.icon_pack.filled.settings
package:com.android.dreams.basic
package:com.google.android.overlay.modules.ext.services
package:com.android.se
package:com.android.inputdevices
package:com.qualcomm.qti.biometrics.fingerprint.service
package:com.google.android.apps.wellbeing
package:com.google.android.dialer
package:com.android.bips
package:com.qti.dpmserviceapp
package:com.google.android.apps.nbu.files
package:android.autoinstalls.config.hmdglobal.starlord
package:com.android.theme.icon_pack.circular.settings
package:com.qti.xdivert
package:com.android.musicfx
package:com.android.settings.overlay.common
package:com.hmdglobal.app.setupwizardext
package:com.google.android.overlay.gmsconfig
package:com.google.android.apps.docs
package:com.google.android.apps.maps
package:com.google.android.modulemetadata
package:com.android.cellbroadcastreceiver
package:com.google.android.webview
package:com.android.theme.icon.teardrop
package:com.qualcomm.qti.simsettings
package:com.google.android.contacts
package:com.android.server.telecom
package:com.google.android.syncadapters.contacts
package:com.android.keychain
package:com.mytechia.robobo.app.ros.robobodeveloper
package:com.android.chrome
package:com.android.theme.icon_pack.filled.systemui
package:com.google.android.packageinstaller
package:com.google.android.gms
package:com.google.android.gsf
package:com.google.android.ims
package:com.google.android.tag
package:com.google.android.tts
package:com.google.android.gmsintegration
package:com.qualcomm.qti.qtisystemservice
package:com.android.calllogbackup
package:com.google.android.partnersetup
package:com.android.localtransport
package:com.android.carrierdefaultapp
package:com.hmdglobal.app.camera
package:com.dsi.ant.server
package:com.qualcomm.qti.remoteSimlockAuth
package:com.android.theme.font.notoserifsource
package:com.android.theme.icon_pack.filled.android
package:com.android.proxyhandler
package:com.qualcomm.qti.workloadclassifier
package:com.android.theme.icon_pack.circular.systemui
package:com.google.android.overlay.modules.permissioncontroller.forframework
package:com.example.simplebutton
package:com.google.android.feedback
package:com.google.android.printservice.recommendation
package:com.google.android.apps.photos
package:com.google.android.calendar
package:com.android.managedprovisioning
package:com.android.providers.partnerbookmarks
package:com.android.smspush
package:com.trustonic.teeservice
package:com.android.wallpaper.livepicker
package:com.hmdglobal.app.midtest
package:com.android.theme.icon.squircle
package:com.android.storagemanager
package:com.android.bookmarkprovider
package:com.android.settings
package:com.qualcomm.qti.cne
package:com.qualcomm.qti.ims
package:com.android.theme.icon_pack.filled.launcher
package:com.android.networkstack.permissionconfig
package:com.hmdglobal.support
package:com.google.android.projection.gearhead
package:com.qualcomm.location
package:com.qualcomm.simcontacts
package:com.google.android.apps.turbo
package:com.android.cts.ctsshim
package:com.android.theme.icon_pack.circular.launcher
package:com.qualcomm.qti.services.secureui
package:com.hmdglobal.enterprise.api
package:com.android.vpndialogs
package:com.qualcomm.location.XT
package:com.google.android.apps.wallpaper
package:com.android.phone
package:com.android.shell
package:com.android.theme.icon_pack.filled.themepicker
package:com.android.wallpaperbackup
package:com.android.providers.blockednumber
package:com.android.providers.userdictionary
package:com.android.emergency
package:com.qualcomm.qti.seccamservice
package:com.qualcomm.qti.qmmi
package:com.google.android.gms.location.history
package:com.android.internal.systemui.navbar.gestural
package:com.android.location.fused
package:com.hmdglobal.app.midfm
package:com.android.theme.color.orchid
package:com.hmdglobal.app.omacp
package:com.android.systemui
package:com.android.theme.color.purple
package:com.hmdglobal.app.sarauth
package:com.android.bluetoothmidiservice
package:com.qualcomm.qti.confdialer
package:com.qualcomm.qti.poweroffalarm
package:com.qualcomm.qti.networksetting
package:com.hmdglobal.app.bokeheditor
package:com.quicinc.trepn
package:com.android.traceur
package:com.android.apppredictionservice
package:com.qualcomm.qti.qms.service.trustzoneaccess
package:com.hmdglobal.app.legalinformation
package:com.google.android.apps.magazines
package:com.android.bluetooth
package:com.qualcomm.timeservice
package:com.android.wallpaperpicker
package:com.android.providers.contacts
package:com.android.captiveportallogin
package:com.hmdglobal.app.cdfinger
package:com.android.theme.icon.roundedrect
package:com.android.internal.systemui.navbar.gestural_narrow_back
package:com.android.theme.icon_pack.rounded.settings
package:com.google.android.inputmethod.latin
package:com.android.theme.icon_pack.circular.android
package:com.google.android.apps.restore
package:com.google.android.overlay.searchlauncherconfig

2022-10-26 05:38:03,985:INFO:Profilers:Start subject aggregation
2022-10-26 05:38:03,986:DEBUG:PluginHandler:%s: aggregating subject results
2022-10-26 05:38:03,992:INFO:NativeExperiment:Experiment completed, start cleanup
2022-10-26 05:38:04,083:DEBUG:AndroidRunner.Adb:D0AA002279J91969581: "getprop ro.build.version.release" returned: 
10

2022-10-26 05:38:04,163:DEBUG:AndroidRunner.Adb:D0AA002279J91969581: "getprop ro.build.version.sdk" returned: 
29

2022-10-26 05:38:04,164:DEBUG:Scripts:Running hook after_experiment on device nokia (D0AA002279J91969581, Android 10, API level 29)
args: ()
kwargs: {}
2022-10-26 05:38:04,183:INFO:Python3:after_experiment.py
2022-10-26 05:38:04,185:DEBUG:Python3:after_experiment.py returned None
2022-10-26 05:38:04,301:DEBUG:AndroidRunner.Adb:D0AA002279J91969581: "dumpsys battery reset" returned: 

2022-10-26 05:38:04,303:INFO:Profilers:Stop profiling
2022-10-26 05:38:04,370:DEBUG:AndroidRunner.Adb:D0AA002279J91969581: "getprop ro.build.version.release" returned: 
10

2022-10-26 05:38:04,439:DEBUG:AndroidRunner.Adb:D0AA002279J91969581: "getprop ro.build.version.sdk" returned: 
29

2022-10-26 05:38:04,441:DEBUG:PluginHandler:Batterystats: nokia (D0AA002279J91969581, Android 10, API level 29): Stop profiling
2022-10-26 05:38:04,441:INFO:Profilers:Unloading
2022-10-26 05:38:04,501:DEBUG:AndroidRunner.Adb:D0AA002279J91969581: "getprop ro.build.version.release" returned: 
10

2022-10-26 05:38:04,569:DEBUG:AndroidRunner.Adb:D0AA002279J91969581: "getprop ro.build.version.sdk" returned: 
29

2022-10-26 05:38:04,571:DEBUG:PluginHandler:Batterystats: nokia (D0AA002279J91969581, Android 10, API level 29): Cleanup
2022-10-26 05:38:04,684:DEBUG:AndroidRunner.Adb:D0AA002279J91969581: "pm list packages" returned: 
package:com.google.android.apps.subscriptions.red
package:com.android.cts.priv.ctsshim
package:com.qualcomm.qti.qms.service.telemetry
package:com.google.android.youtube
package:com.android.internal.display.cutout.emulation.corner
package:com.google.android.ext.services
package:com.android.internal.display.cutout.emulation.double
package:com.android.providers.telephony
package:com.android.dynsystem
package:com.hmdglobal.app.puredisplay
package:com.google.android.googlequicksearchbox
package:com.android.providers.calendar
package:com.google.android.apps.googleassistant
package:com.android.providers.media
package:com.hmdglobal.app.swfp
package:com.qti.service.colorservice
package:com.android.theme.icon.square
package:com.google.android.onetimeinitializer
package:com.google.android.ext.shared
package:com.ichi2.anki
package:com.android.internal.systemui.navbar.gestural_wide_back
package:com.qualcomm.qti.simcontacts
package:com.android.wallpapercropper
package:com.android.theme.color.cinnamon
package:com.android.protips
package:com.android.theme.icon_pack.rounded.systemui
package:com.android.documentsui
package:com.android.externalstorage
package:com.qualcomm.uimremoteclient
package:com.android.htmlviewer
package:com.qualcomm.qti.uceShimService
package:com.android.companiondevicemanager
package:com.hmdglobal.app.activation
package:com.android.mms.service
package:com.wos.face.service
package:com.qualcomm.qti.qms.service.connectionsecurity
package:com.android.providers.downloads
package:com.qualcomm.qtil.aptxalsOverlay
package:com.google.android.apps.messaging
package:com.android.networkstack.inprocess
package:com.android.partnerbrowsercustomizations.example
package:com.android.theme.icon_pack.rounded.android
package:vendor.qti.hardware.cacert.server
package:com.qualcomm.qti.callenhancement
package:com.qualcomm.qti.telephonyservice
package:com.android.theme.icon_pack.circular.themepicker
package:com.google.android.overlay.gmsgsaconfig
package:vendor.qti.iwlan
package:com.google.android.configupdater
package:com.qualcomm.qti.optinoverlay
package:com.google.android.overlay.modules.permissioncontroller
package:com.qualcomm.uimremoteserver
package:com.qti.confuridialer
package:com.google.ar.core
package:com.google.ar.lens
package:com.android.providers.downloads.ui
package:com.android.vending
package:com.android.pacprocessor
package:com.android.simappdialog
package:com.android.internal.display.cutout.emulation.tall
package:com.android.certinstaller
package:com.android.theme.color.black
package:com.android.carrierconfig
package:com.google.android.marvin.talkback
package:com.android.theme.color.green
package:com.hmdglobal.app.customizationclient
package:com.android.theme.color.ocean
package:com.android.theme.color.space
package:org.codeaurora.bluetooth
package:com.android.internal.systemui.navbar.threebutton
package:com.google.android.apps.work.oobconfig
package:com.qti.qualcomm.datastatusnotification
package:com.hmdglobal.app.fmradio
package:android
package:com.qualcomm.qti.callfeaturessetting
package:com.qualcomm.wfd.service
package:com.qualcomm.qtil.aptxals
package:com.android.theme.icon_pack.rounded.launcher
package:com.qti.qualcomm.deviceinfo
package:com.android.egg
package:com.android.mtp
package:com.android.nfc
package:com.android.ons
package:com.android.stk
package:com.android.launcher3
package:com.android.backupconfirm
package:com.google.android.deskclock
package:com.android.internal.systemui.navbar.twobutton
package:org.codeaurora.ims
package:com.android.statementservice
package:com.android.hotspot2
package:com.google.android.as
package:com.google.android.gm
package:com.hmdglobal.app.myphonehelper
package:com.android.settings.intelligence
package:com.android.internal.systemui.navbar.gestural_extra_wide_back
package:com.google.android.permissioncontroller
package:com.google.android.setupwizard
package:com.qualcomm.qcrilmsgtunnel
package:com.android.providers.settings
package:com.android.sharedstoragebackup
package:com.android.printspooler
package:com.android.theme.icon_pack.filled.settings
package:com.android.dreams.basic
package:com.google.android.overlay.modules.ext.services
package:com.android.se
package:com.android.inputdevices
package:com.qualcomm.qti.biometrics.fingerprint.service
package:com.google.android.apps.wellbeing
package:com.google.android.dialer
package:com.android.bips
package:com.qti.dpmserviceapp
package:com.google.android.apps.nbu.files
package:android.autoinstalls.config.hmdglobal.starlord
package:com.android.theme.icon_pack.circular.settings
package:com.qti.xdivert
package:com.android.musicfx
package:com.android.settings.overlay.common
package:com.hmdglobal.app.setupwizardext
package:com.google.android.overlay.gmsconfig
package:com.google.android.apps.docs
package:com.google.android.apps.maps
package:com.google.android.modulemetadata
package:com.android.cellbroadcastreceiver
package:com.google.android.webview
package:com.android.theme.icon.teardrop
package:com.qualcomm.qti.simsettings
package:com.google.android.contacts
package:com.android.server.telecom
package:com.google.android.syncadapters.contacts
package:com.android.keychain
package:com.mytechia.robobo.app.ros.robobodeveloper
package:com.android.chrome
package:com.android.theme.icon_pack.filled.systemui
package:com.google.android.packageinstaller
package:com.google.android.gms
package:com.google.android.gsf
package:com.google.android.ims
package:com.google.android.tag
package:com.google.android.tts
package:com.google.android.gmsintegration
package:com.qualcomm.qti.qtisystemservice
package:com.android.calllogbackup
package:com.google.android.partnersetup
package:com.android.localtransport
package:com.android.carrierdefaultapp
package:com.hmdglobal.app.camera
package:com.dsi.ant.server
package:com.qualcomm.qti.remoteSimlockAuth
package:com.android.theme.font.notoserifsource
package:com.android.theme.icon_pack.filled.android
package:com.android.proxyhandler
package:com.qualcomm.qti.workloadclassifier
package:com.android.theme.icon_pack.circular.systemui
package:com.google.android.overlay.modules.permissioncontroller.forframework
package:com.example.simplebutton
package:com.google.android.feedback
package:com.google.android.printservice.recommendation
package:com.google.android.apps.photos
package:com.google.android.calendar
package:com.android.managedprovisioning
package:com.android.providers.partnerbookmarks
package:com.android.smspush
package:com.trustonic.teeservice
package:com.android.wallpaper.livepicker
package:com.hmdglobal.app.midtest
package:com.android.theme.icon.squircle
package:com.android.storagemanager
package:com.android.bookmarkprovider
package:com.android.settings
package:com.qualcomm.qti.cne
package:com.qualcomm.qti.ims
package:com.android.theme.icon_pack.filled.launcher
package:com.android.networkstack.permissionconfig
package:com.hmdglobal.support
package:com.google.android.projection.gearhead
package:com.qualcomm.location
package:com.qualcomm.simcontacts
package:com.google.android.apps.turbo
package:com.android.cts.ctsshim
package:com.android.theme.icon_pack.circular.launcher
package:com.qualcomm.qti.services.secureui
package:com.hmdglobal.enterprise.api
package:com.android.vpndialogs
package:com.qualcomm.location.XT
package:com.google.android.apps.wallpaper
package:com.android.phone
package:com.android.shell
package:com.android.theme.icon_pack.filled.themepicker
package:com.android.wallpaperbackup
package:com.android.providers.blockednumber
package:com.android.providers.userdictionary
package:com.android.emergency
package:com.qualcomm.qti.seccamservice
package:com.qualcomm.qti.qmmi
package:com.google.android.gms.location.history
package:com.android.internal.systemui.navbar.gestural
package:com.android.location.fused
package:com.hmdglobal.app.midfm
package:com.android.theme.color.orchid
package:com.hmdglobal.app.omacp
package:com.android.systemui
package:com.android.theme.color.purple
package:com.hmdglobal.app.sarauth
package:com.android.bluetoothmidiservice
package:com.qualcomm.qti.confdialer
package:com.qualcomm.qti.poweroffalarm
package:com.qualcomm.qti.networksetting
package:com.hmdglobal.app.bokeheditor
package:com.quicinc.trepn
package:com.android.traceur
package:com.android.apppredictionservice
package:com.qualcomm.qti.qms.service.trustzoneaccess
package:com.hmdglobal.app.legalinformation
package:com.google.android.apps.magazines
package:com.android.bluetooth
package:com.qualcomm.timeservice
package:com.android.wallpaperpicker
package:com.android.providers.contacts
package:com.android.captiveportallogin
package:com.hmdglobal.app.cdfinger
package:com.android.theme.icon.roundedrect
package:com.android.internal.systemui.navbar.gestural_narrow_back
package:com.android.theme.icon_pack.rounded.settings
package:com.google.android.inputmethod.latin
package:com.android.theme.icon_pack.circular.android
package:com.google.android.apps.restore
package:com.google.android.overlay.searchlauncherconfig

2022-10-26 05:38:04,686:INFO:Profilers:Start final aggregation
2022-10-26 05:38:04,687:DEBUG:PluginHandler:%s: aggregating results
